<?xml version="1.0" encoding="UTF-8"?>
<testsuites>
    <testsuite name="pkg3" tests="5" failures="0" errors="0" time="0.311">
        <testcase name="TestMax" classname="pkg3" time="0.120"/>
        <testcase name="TestMaxEqual" classname="pkg3" time="0.003"/>
        <testcase name="TestMin" classname="pkg3" time="0.150"/>
        <testcase name="TestAbs" classname="pkg3" time="0.030"/>
        <testcase name="TestAbsPositive" classname="pkg3" time="0.008"/>
    </testsuite>
</testsuites>
